Log file open, 02/04/19 08:19:02
LogWindows: Failed to load 'aqProf.dll' (GetLastError=126)
LogWindows: File 'aqProf.dll' does not exist
LogWindows: Failed to load 'VtuneApi.dll' (GetLastError=126)
LogWindows: File 'VtuneApi.dll' does not exist
LogWindows: Failed to load 'VtuneApi32e.dll' (GetLastError=126)
LogWindows: File 'VtuneApi32e.dll' does not exist
LogInit: Display: Running engine for game: woodblocktext_KL
LogPlatformFile: Not using cached read wrapper
LogTaskGraph: Started task graph with 5 named threads and 23 total threads with 3 sets of task threads.
LogStats: Stats thread started at 0.277333
LogD3D11RHI: Loaded GFSDK_Aftermath_Lib.x64.dll
LogICUInternationalization: Display: ICU TimeZone Detection - Raw Offset: -7:00, Platform Override: ''
LogPluginManager: Mounting plugin Paper2D
LogPluginManager: Mounting plugin AISupport
LogPluginManager: Mounting plugin LightPropagationVolume
LogPluginManager: Mounting plugin CLionSourceCodeAccess
LogPluginManager: Mounting plugin CodeLiteSourceCodeAccess
LogPluginManager: Mounting plugin GitSourceControl
LogPluginManager: Mounting plugin KDevelopSourceCodeAccess
LogPluginManager: Mounting plugin NullSourceCodeAccess
LogPluginManager: Mounting plugin PerforceSourceControl
LogPluginManager: Mounting plugin SubversionSourceControl
LogPluginManager: Mounting plugin UObjectPlugin
LogPluginManager: Mounting plugin VisualStudioCodeSourceCodeAccess
LogPluginManager: Mounting plugin VisualStudioSourceCodeAccess
LogPluginManager: Mounting plugin XCodeSourceCodeAccess
LogPluginManager: Mounting plugin AssetManagerEditor
LogPluginManager: Mounting plugin CryptoKeys
LogPluginManager: Mounting plugin DataValidation
LogPluginManager: Mounting plugin FacialAnimation
LogPluginManager: Mounting plugin GameplayTagsEditor
LogPluginManager: Mounting plugin MacGraphicsSwitching
LogPluginManager: Mounting plugin MeshEditor
LogPluginManager: Mounting plugin MobileLauncherProfileWizard
LogPluginManager: Mounting plugin PluginBrowser
LogPluginManager: Mounting plugin SpeedTreeImporter
LogPluginManager: Mounting plugin DatasmithContent
LogPluginManager: Mounting plugin AlembicImporter
LogPluginManager: Mounting plugin AppleImageUtils
LogPluginManager: Mounting plugin AppleVision
LogPluginManager: Mounting plugin BackChannel
LogPluginManager: Mounting plugin CharacterAI
LogPluginManager: Mounting plugin GeometryCache
LogPluginManager: Mounting plugin HTML5Networking
LogPluginManager: Mounting plugin ProxyLODPlugin
LogPluginManager: Mounting plugin MagicLeap
LogPluginManager: Mounting plugin MagicLeapEmulator
LogPluginManager: Mounting plugin MagicLeapMedia
LogPluginManager: Mounting plugin AndroidMedia
LogPluginManager: Mounting plugin AvfMedia
LogPluginManager: Mounting plugin ImgMedia
LogPluginManager: Mounting plugin LinearTimecode
LogPluginManager: Mounting plugin MediaCompositing
LogPluginManager: Mounting plugin MediaPlayerEditor
LogPluginManager: Mounting plugin WmfMedia
LogPluginManager: Mounting plugin TcpMessaging
LogPluginManager: Mounting plugin UdpMessaging
LogPluginManager: Mounting plugin ActorSequence
LogPluginManager: Mounting plugin LevelSequenceEditor
LogPluginManager: Mounting plugin MatineeToLevelSequence
LogPluginManager: Mounting plugin NetcodeUnitTest
LogPluginManager: Mounting plugin NUTUnrealEngine4
LogPluginManager: Mounting plugin OnlineSubsystemGooglePlay
LogPluginManager: Mounting plugin OnlineSubsystemIOS
LogPluginManager: Mounting plugin OnlineSubsystem
LogPluginManager: Mounting plugin OnlineSubsystemNull
LogPluginManager: Mounting plugin OnlineSubsystemUtils
LogPluginManager: Mounting plugin LauncherChunkInstaller
LogPluginManager: Mounting plugin AndroidDeviceProfileSelector
LogPluginManager: Mounting plugin AndroidMoviePlayer
LogPluginManager: Mounting plugin AndroidPermission
LogPluginManager: Mounting plugin AppleMoviePlayer
LogPluginManager: Mounting plugin ArchVisCharacter
LogPluginManager: Mounting plugin AudioCapture
LogPluginManager: Mounting plugin CableComponent
LogPluginManager: Mounting plugin CustomMeshComponent
LogPluginManager: Mounting plugin EditableMesh
LogPluginManager: Mounting plugin ExampleDeviceProfileSelector
LogPluginManager: Mounting plugin GoogleCloudMessaging
LogPluginManager: Mounting plugin ImmediatePhysics
LogPluginManager: Mounting plugin IOSDeviceProfileSelector
LogPluginManager: Mounting plugin LinuxDeviceProfileSelector
LogPluginManager: Mounting plugin LocationServicesBPLibrary
LogPluginManager: Mounting plugin MobilePatchingUtils
LogPluginManager: Mounting plugin OculusVR
LogPluginManager: Plugin shader directory ../../../Engine/Plugins/Runtime/Oculus/OculusVR/Shaders found
LogPluginManager: Mapping shader source directory ../../../Engine/Plugins/Runtime/Oculus/OculusVR/Shaders to virtual directory /Plugin/OculusVR
LogPluginManager: Mounting plugin PhysXVehicles
LogPluginManager: Mounting plugin ProceduralMeshComponent
LogPluginManager: Mounting plugin RuntimePhysXCooking
LogPluginManager: Mounting plugin SteamVR
LogPluginManager: Mounting plugin WindowsMoviePlayer
LogStreaming: Display: Took  0.102s to configure plugins.
LogInit: Using libcurl 7.55.1-DEV
LogInit:  - built for x86_64-pc-win32
LogInit:  - supports SSL with OpenSSL/1.0.2h
LogInit:  - supports HTTP deflate (compression) using libz 1.2.8
LogInit:  - other features:
LogInit:      CURL_VERSION_SSL
LogInit:      CURL_VERSION_LIBZ
LogInit:      CURL_VERSION_IPV6
LogInit:      CURL_VERSION_ASYNCHDNS
LogInit:      CURL_VERSION_LARGEFILE
LogInit:      CURL_VERSION_IDN
LogInit:  CurlRequestOptions (configurable via config and command line):
LogInit:  - bVerifyPeer = false  - Libcurl will NOT verify peer certificate
LogInit:  - bUseHttpProxy = false  - Libcurl will NOT use HTTP proxy
LogInit:  - bDontReuseConnections = false  - Libcurl will reuse connections
LogInit:  - CertBundlePath = nullptr  - Libcurl will use whatever was configured at build time.
LogInit:  - MaxHostConnections = 16  - Libcurl will limit the number of connections to a host
LogInit:  - LocalHostAddr = Default
LogInit:  - BufferSize = 65536
LogInit: WinSock: version 1.1 (2.2), MaxSocks=32767, MaxUdp=65467
LogInit: Build: ++UE4+Release-4.20-CL-4369336
LogInit: Engine Version: 4.20.3-4369336+++UE4+Release-4.20
LogInit: Compatible Engine Version: 4.20.0-4212847+++UE4+Release-4.20
LogInit: Net CL: 4212847
LogInit: OS: Windows 10 (), CPU: Intel(R) Core(TM) i7-8809G CPU @ 3.10GHz, GPU: Radeon RX Vega M GH Graphics
LogInit: Compiled (64-bit): Sep 17 2018 12:26:19
LogInit: Compiled with Visual C++: 19.13.26129.00
LogInit: Build Configuration: Development
LogInit: Branch Name: ++UE4+Release-4.20
LogInit: Command Line: -EpicPortal  -epicusername="LillChode" -epicuserid=7a10bfe48e4847d491e714620599667e -epiclocale=en-US
LogInit: Base Directory: C:/Program Files/Epic Games/UE_4.20/Engine/Binaries/Win64/
LogInit: Installed Engine Build: 1
LogDevObjectVersion: Number of dev versions registered: 20
LogDevObjectVersion:   Dev-Blueprints (B0D832E4-1F89-4F0D-ACCF-7EB736FD4AA2): 10
LogDevObjectVersion:   Dev-Build (E1C64328-A22C-4D53-A36C-8E866417BD8C): 0
LogDevObjectVersion:   Dev-Core (375EC13C-06E4-48FB-B500-84F0262A717E): 2
LogDevObjectVersion:   Dev-Editor (E4B068ED-F494-42E9-A231-DA0B2E46BB41): 24
LogDevObjectVersion:   Dev-Framework (CFFC743F-43B0-4480-9391-14DF171D2073): 34
LogDevObjectVersion:   Dev-Mobile (B02B49B5-BB20-44E9-A304-32B752E40360): 2
LogDevObjectVersion:   Dev-Networking (A4E4105C-59A1-49B5-A7C5-40C4547EDFEE): 0
LogDevObjectVersion:   Dev-Online (39C831C9-5AE6-47DC-9A44-9C173E1C8E7C): 0
LogDevObjectVersion:   Dev-Physics (78F01B33-EBEA-4F98-B9B4-84EACCB95AA2): 0
LogDevObjectVersion:   Dev-Platform (6631380F-2D4D-43E0-8009-CF276956A95A): 0
LogDevObjectVersion:   Dev-Rendering (12F88B9F-8875-4AFC-A67C-D90C383ABD29): 26
LogDevObjectVersion:   Dev-Sequencer (7B5AE74C-D270-4C10-A958-57980B212A5A): 9
LogDevObjectVersion:   Dev-VR (D7296918-1DD6-4BDD-9DE2-64A83CC13884): 2
LogDevObjectVersion:   Dev-LoadTimes (C2A15278-BFE7-4AFE-6C17-90FF531DF755): 1
LogDevObjectVersion:   Private-Geometry (6EACA3D4-40EC-4CC1-B786-8BED09428FC5): 3
LogDevObjectVersion:   Dev-AnimPhys (29E575DD-E0A3-4627-9D10-D276232CDCEA): 17
LogDevObjectVersion:   Dev-ReflectionCapture (6B266CEC-1EC7-4B8F-A30B-E4D90942FC07): 1
LogDevObjectVersion:   Dev-Automation (0DF73D61-A23F-47EA-B727-89E90C41499A): 1
LogDevObjectVersion:   FortniteMain (601D1886-AC64-4F84-AA16-D3DE0DEAC7D6): 12
LogDevObjectVersion:   Dev-Enterprise (9DFFBCD6-494F-0158-E221-12823C92A888): 1
LogStreaming: Display: Took  0.000s to delete old logs.
LogInit: Presizing for max 8388607 objects, including 0 objects not considered by GC, pre-allocating 0 bytes for permanent pool.
LogInit: Object subsystem initialized
[2019.02.04-15.19.02:731][  0]LogInit: Selected Device Profile: [Windows]
[2019.02.04-15.19.02:731][  0]LogInit: Applying CVar settings loaded from the selected device profile: [Windows]
[2019.02.04-15.19.02:742][  0]LogHAL: Display: Platform has ~ 16 GB [17095249920 / 17179869184 / 16], which maps to Larger [LargestMinGB=32, LargerMinGB=12, DefaultMinGB=8, SmallerMinGB=6, SmallestMinGB=0)
[2019.02.04-15.19.02:742][  0]LogInit: Setting Device Profile CVar: [[r.Vulkan.UseRealUBs:1]]
[2019.02.04-15.19.02:742][  0]LogInit: Going up to parent DeviceProfile []
[2019.02.04-15.19.02:743][  0]LogInit: Computer: eae-n-002
[2019.02.04-15.19.02:743][  0]LogInit: User: u0895866
[2019.02.04-15.19.02:743][  0]LogInit: CPU Page size=4096, Cores=4
[2019.02.04-15.19.02:743][  0]LogInit: High frequency timer resolution =3.023441 MHz
[2019.02.04-15.19.02:743][  0]LogMemory: Memory total: Physical=15.9GB (16GB approx)
[2019.02.04-15.19.02:743][  0]LogMemory: Platform Memory Stats for Windows
[2019.02.04-15.19.02:743][  0]LogMemory: Process Physical Memory: 100.82 MB used, 100.82 MB peak
[2019.02.04-15.19.02:743][  0]LogMemory: Process Virtual Memory: 89.62 MB used, 89.62 MB peak
[2019.02.04-15.19.02:743][  0]LogMemory: Physical Memory: 5308.16 MB used,  10995.14 MB free, 16303.30 MB total
[2019.02.04-15.19.02:743][  0]LogMemory: Virtual Memory: 4639.15 MB used,  10995.14 MB free, 134217728.00 MB total
[2019.02.04-15.19.02:758][  0]LogInit: Using OS detected language (en-US).
[2019.02.04-15.19.02:758][  0]LogInit: Using OS detected locale (en-US).
[2019.02.04-15.19.02:758][  0]LogTextLocalizationManager: No specific localization for 'en-US' exists, so the 'en' localization will be used.
[2019.02.04-15.19.03:093][  0]LogStreaming: Display: Took  0.335s to InitEngineTextLocalization.
[2019.02.04-15.19.03:093][  0]LogInit: Setting process to per monitor DPI aware
[2019.02.04-15.19.03:128][  0]LogSlate: New Slate User Created.  User Index 0, Is Virtual User: 0
[2019.02.04-15.19.03:128][  0]LogSlate: Slate User Registered.  User Index 0, Is Virtual User: 0
[2019.02.04-15.19.03:295][  0]LogHMD: Failed to initialize OpenVR with code 110
[2019.02.04-15.19.03:295][  0]LogD3D11RHI: D3D11 adapters:
[2019.02.04-15.19.03:327][  0]LogD3D11RHI:    0. 'Radeon RX Vega M GH Graphics' (Feature Level 11_0)
[2019.02.04-15.19.03:327][  0]LogD3D11RHI:       4042/0/8151 MB DedicatedVideo/DedicatedSystem/SharedSystem, Outputs:1, VendorId:0x1002
[2019.02.04-15.19.03:339][  0]LogD3D11RHI:    1. 'Intel(R) HD Graphics 630' (Feature Level 11_0)
[2019.02.04-15.19.03:339][  0]LogD3D11RHI:       128/0/8151 MB DedicatedVideo/DedicatedSystem/SharedSystem, Outputs:0, VendorId:0x8086
[2019.02.04-15.19.03:340][  0]LogD3D11RHI:    2. 'Microsoft Basic Render Driver' (Feature Level 11_0)
[2019.02.04-15.19.03:340][  0]LogD3D11RHI:       0/0/8151 MB DedicatedVideo/DedicatedSystem/SharedSystem, Outputs:0, VendorId:0x1414
[2019.02.04-15.19.03:340][  0]LogD3D11RHI: Chosen D3D11 Adapter: 0
[2019.02.04-15.19.03:347][  0]LogD3D11RHI: Creating new Direct3DDevice
[2019.02.04-15.19.03:347][  0]LogD3D11RHI:     GPU DeviceId: 0x694c (for the marketing name, search the web for "GPU Device Id")
[2019.02.04-15.19.03:347][  0]LogWindows: EnumDisplayDevices:
[2019.02.04-15.19.03:347][  0]LogWindows:    0. 'Radeon RX Vega M GH Graphics' (P:1 D:1)
[2019.02.04-15.19.03:347][  0]LogWindows:    1. 'Radeon RX Vega M GH Graphics' (P:0 D:0)
[2019.02.04-15.19.03:348][  0]LogWindows:    2. 'Radeon RX Vega M GH Graphics' (P:0 D:0)
[2019.02.04-15.19.03:348][  0]LogWindows:    3. 'Radeon RX Vega M GH Graphics' (P:0 D:0)
[2019.02.04-15.19.03:348][  0]LogWindows:    4. 'Radeon RX Vega M GH Graphics' (P:0 D:0)
[2019.02.04-15.19.03:348][  0]LogWindows:    5. 'Radeon RX Vega M GH Graphics' (P:0 D:0)
[2019.02.04-15.19.03:349][  0]LogWindows:    6. 'Radeon RX Vega M GH Graphics' (P:0 D:0)
[2019.02.04-15.19.03:349][  0]LogWindows:    7. 'Intel(R) HD Graphics 630' (P:0 D:0)
[2019.02.04-15.19.03:349][  0]LogWindows:    8. 'Intel(R) HD Graphics 630' (P:0 D:0)
[2019.02.04-15.19.03:349][  0]LogWindows: DebugString: PrimaryIsNotTheChoosenAdapter PrimaryIsNotTheChoosenAdapter FoundDriverCount:7 
[2019.02.04-15.19.03:349][  0]LogD3D11RHI:     Adapter Name: Radeon RX Vega M GH Graphics
[2019.02.04-15.19.03:349][  0]LogD3D11RHI:   Driver Version: Adrenalin 18.9.1 (internal:24.20.11026.2001, unified:24.20.11026.2001)
[2019.02.04-15.19.03:349][  0]LogD3D11RHI:      Driver Date: 8-30-2018
[2019.02.04-15.19.03:349][  0]LogRHI: Texture pool is 2829 MB (70% of 4042 MB)
[2019.02.04-15.19.03:410][  0]LogD3D11RHI: Async texture creation enabled
[2019.02.04-15.19.03:421][  0]LogD3D11RHI: GPU Timing Frequency: 25.000000 (Debug: 2 1)
[2019.02.04-15.19.03:422][  0]LogShaderCompilers: Guid format shader working directory is -34 characters bigger than the processId version (../../../../../../Users/u0895866/Documents/GitHub/KL_AssetPipeline/woodblocktext_KL/Intermediate/Shaders/WorkingDirectory/9656/).
[2019.02.04-15.19.03:422][  0]LogShaderCompilers: Cleaned the shader compiler working directory 'C:/Users/u0895866/AppData/Local/Temp/UnrealShaderWorkingDir/FFA73DBF4A2F0E0ABCE015AF21F363A8/'.
[2019.02.04-15.19.04:008][  0]LogTemp: Display: Loaded TP AllDesktopTargetPlatform
[2019.02.04-15.19.04:020][  0]LogTemp: Display: Loaded TP MacClientTargetPlatform
[2019.02.04-15.19.04:031][  0]LogTemp: Display: Loaded TP MacNoEditorTargetPlatform
[2019.02.04-15.19.04:042][  0]LogTemp: Display: Loaded TP MacServerTargetPlatform
[2019.02.04-15.19.04:054][  0]LogTemp: Display: Loaded TP MacTargetPlatform
[2019.02.04-15.19.04:066][  0]LogTemp: Display: Loaded TP WindowsClientTargetPlatform
[2019.02.04-15.19.04:076][  0]LogTemp: Display: Loaded TP WindowsNoEditorTargetPlatform
[2019.02.04-15.19.04:088][  0]LogTemp: Display: Loaded TP WindowsServerTargetPlatform
[2019.02.04-15.19.04:094][  0]LogTemp: Display: Loaded TP WindowsTargetPlatform
[2019.02.04-15.19.04:161][  0]LogTemp: Display: Loaded TP AndroidTargetPlatform
[2019.02.04-15.19.04:161][  0]LogTemp: Display: Loaded TP AndroidTargetPlatform
[2019.02.04-15.19.04:161][  0]LogTemp: Display: Loaded TP AndroidTargetPlatform
[2019.02.04-15.19.04:161][  0]LogTemp: Display: Loaded TP AndroidTargetPlatform
[2019.02.04-15.19.04:161][  0]LogTemp: Display: Loaded TP AndroidTargetPlatform
[2019.02.04-15.19.04:161][  0]LogTemp: Display: Loaded TP AndroidTargetPlatform
[2019.02.04-15.19.04:161][  0]LogTemp: Display: Loaded TP AndroidTargetPlatform
[2019.02.04-15.19.04:161][  0]LogTemp: Display: Loaded TP AndroidTargetPlatform
[2019.02.04-15.19.04:161][  0]LogTemp: Display: Loaded TP AndroidTargetPlatform
[2019.02.04-15.19.04:161][  0]LogTemp: Display: Loaded TP AndroidTargetPlatform
[2019.02.04-15.19.04:161][  0]LogTemp: Display: Loaded TP AndroidTargetPlatform
[2019.02.04-15.19.04:161][  0]LogTemp: Display: Loaded TP AndroidTargetPlatform
[2019.02.04-15.19.04:161][  0]LogTemp: Display: Loaded TP AndroidTargetPlatform
[2019.02.04-15.19.04:161][  0]LogTemp: Display: Loaded TP AndroidTargetPlatform
[2019.02.04-15.19.04:161][  0]LogTemp: Display: Loaded TP AndroidTargetPlatform
[2019.02.04-15.19.04:161][  0]LogTemp: Display: Loaded TP AndroidTargetPlatform
[2019.02.04-15.19.04:161][  0]LogTemp: Display: Loaded TP AndroidTargetPlatform
[2019.02.04-15.19.04:161][  0]LogTemp: Display: Loaded TP AndroidTargetPlatform
[2019.02.04-15.19.04:162][  0]LogTemp: Display: Loaded TP HTML5TargetPlatform
[2019.02.04-15.19.04:218][  0]LogTemp: Display: Loaded TP IOSTargetPlatform
[2019.02.04-15.19.04:218][  0]LogTemp: Display: Loaded TP IOSTargetPlatform
[2019.02.04-15.19.04:237][  0]LogTemp: Display: Loaded TP TVOSTargetPlatform
[2019.02.04-15.19.04:237][  0]LogTemp: Display: Loaded TP TVOSTargetPlatform
[2019.02.04-15.19.04:247][  0]LogTemp: Display: Loaded TP LinuxClientTargetPlatform
[2019.02.04-15.19.04:257][  0]LogTemp: Display: Loaded TP LinuxNoEditorTargetPlatform
[2019.02.04-15.19.04:268][  0]LogTemp: Display: Loaded TP LinuxServerTargetPlatform
[2019.02.04-15.19.04:278][  0]LogTemp: Display: Loaded TP LinuxTargetPlatform
[2019.02.04-15.19.04:287][  0]LogTemp: Display: Loaded TP LuminTargetPlatform
[2019.02.04-15.19.04:287][  0]LogTargetPlatformManager: Display: Building Assets For Windows
[2019.02.04-15.19.04:341][  0]LogXGEController: Cannot use XGE Controller as Incredibuild is not installed on this machine.
[2019.02.04-15.19.04:342][  0]LogShaderCompilers: Cannot use XGE Shader Compiler as Incredibuild is not installed on this machine.
[2019.02.04-15.19.04:342][  0]LogShaderCompilers: Display: Using Local Shader Compiler.
[2019.02.04-15.19.04:976][  0]LogDerivedDataCache: Display: Max Cache Size: 512 MB
[2019.02.04-15.19.05:031][  0]LogDerivedDataCache: Loaded boot cache 0.05s 71MB C:/Users/u0895866/AppData/Local/UnrealEngine/4.20/DerivedDataCache/Boot.ddc.
[2019.02.04-15.19.05:031][  0]LogDerivedDataCache: Display: Loaded Boot cache: C:/Users/u0895866/AppData/Local/UnrealEngine/4.20/DerivedDataCache/Boot.ddc
[2019.02.04-15.19.05:032][  0]LogDerivedDataCache: FDerivedDataBackendGraph:  Pak pak cache file ../../../../../../Users/u0895866/Documents/GitHub/KL_AssetPipeline/woodblocktext_KL/DerivedDataCache/DDC.ddp not found, will not use a pak cache.
[2019.02.04-15.19.05:032][  0]LogDerivedDataCache: Unable to find inner node Pak for hierarchical cache Hierarchy.
[2019.02.04-15.19.05:032][  0]LogDerivedDataCache: FDerivedDataBackendGraph:  CompressedPak pak cache file ../../../../../../Users/u0895866/Documents/GitHub/KL_AssetPipeline/woodblocktext_KL/DerivedDataCache/Compressed.ddp not found, will not use a pak cache.
[2019.02.04-15.19.05:032][  0]LogDerivedDataCache: Unable to find inner node CompressedPak for hierarchical cache Hierarchy.
[2019.02.04-15.19.05:043][  0]LogDerivedDataCache: Display: Pak cache opened for reading ../../../Engine/DerivedDataCache/Compressed.ddp.
[2019.02.04-15.19.05:055][  0]LogDerivedDataCache: Using Local data cache path C:/Users/u0895866/AppData/Local/UnrealEngine/Common/DerivedDataCache: Writable
[2019.02.04-15.19.05:055][  0]LogDerivedDataCache: Shared data cache path not found in *engine.ini, will not use an Shared cache.
[2019.02.04-15.19.05:055][  0]LogDerivedDataCache: Unable to find inner node Shared for hierarchical cache Hierarchy.
[2019.02.04-15.19.05:070][  0]LogMaterial: Verifying Global Shaders for PCD3D_SM5
[2019.02.04-15.19.05:071][  0]LogSlate: Using FreeType 2.6.0
[2019.02.04-15.19.05:072][  0]LogSlate: SlateFontServices - WITH_FREETYPE: 1, WITH_HARFBUZZ: 1
[2019.02.04-15.19.05:136][  0]LogAssetRegistry: FAssetRegistry took 0.0256 seconds to start up
[2019.02.04-15.19.05:425][  0]LogInit: Selected Device Profile: [Windows]
[2019.02.04-15.19.05:546][  0]LogSimplygon: Simplygon DLL not present - disabling.
[2019.02.04-15.19.05:551][  0]LogMeshReduction: Using SimplygonSwarm for distributed automatic mesh merging
[2019.02.04-15.19.05:551][  0]LogMeshReduction: Using ProxyLODMeshReduction for automatic mesh merging
[2019.02.04-15.19.05:551][  0]LogMeshReduction: Using QuadricMeshReduction for automatic static mesh reduction
[2019.02.04-15.19.05:551][  0]LogMeshReduction: No automatic skeletal mesh reduction module available
[2019.02.04-15.19.05:565][  0]LogNetVersion: woodblocktext_KL 1.0.0, NetCL: 4212847, EngineNetVer: 5, GameNetVer: 0 (Checksum: 514563360)
[2019.02.04-15.19.06:045][  0]LogPackageLocalizationCache: Processed 11 localized package path(s) for 2 prioritized culture(s) in 0.090769 seconds
[2019.02.04-15.19.06:050][  0]LogUObjectArray: 38425 objects as part of root set at end of initial load.
[2019.02.04-15.19.06:051][  0]LogUObjectAllocator: 6690864 out of 0 bytes used by permanent object pool.
[2019.02.04-15.19.06:051][  0]LogUObjectArray: CloseDisregardForGC: 0/0 objects in disregard for GC pool
[2019.02.04-15.19.06:833][  0]LogTcpMessaging: Initializing TcpMessaging bridge
[2019.02.04-15.19.06:861][  0]LogUdpMessaging: Initializing bridge on interface 0.0.0.0:0 to multicast group 230.0.0.1:6666.
[2019.02.04-15.19.07:001][  0]SourceControl: Source control is disabled
[2019.02.04-15.19.07:001][  0]SourceControl: Source control is disabled
[2019.02.04-15.19.07:002][  0]SourceControl: Source control is disabled
[2019.02.04-15.19.07:003][  0]SourceControl: Source control is disabled
[2019.02.04-15.19.07:162][  0]LogAndroidPermission: UAndroidPermissionCallbackProxy::GetInstance
[2019.02.04-15.19.07:241][  0]LogOcInput: OculusInput pre-init called
[2019.02.04-15.19.07:297][  0]LogEngine: Initializing Engine...
[2019.02.04-15.19.07:298][  0]LogHMD: Failed to initialize OpenVR with code 110
[2019.02.04-15.19.07:299][  0]LogStats: UGameplayTagsManager::ConstructGameplayTagTree: ImportINI prefixes -  0.000 s
[2019.02.04-15.19.07:299][  0]LogStats: UGameplayTagsManager::ConstructGameplayTagTree: Construct from data asset -  0.000 s
[2019.02.04-15.19.07:299][  0]LogStats: UGameplayTagsManager::ConstructGameplayTagTree: ImportINI -  0.000 s
[2019.02.04-15.19.07:299][  0]LogStats: UGameplayTagsManager::ConstructGameplayTagTree: GameplayTagTreeChangedEvent.Broadcast -  0.000 s
[2019.02.04-15.19.07:489][  0]LogInit: Initializing FReadOnlyCVARCache
[2019.02.04-15.19.07:503][  0]LogAIModule: Creating AISystem for world Untitled
[2019.02.04-15.19.07:539][  0]LogInit: XAudio2 using '1 - CintiqPro24P (AMD High Definition Audio Device)' : 2 channels at 48 kHz using 16 bits per sample (channel mask 0x3)
[2019.02.04-15.19.07:565][  0]LogInit: FAudioDevice initialized.
[2019.02.04-15.19.07:565][  0]LogNetVersion: Set ProjectVersion to 1.0.0.0. Version Checksum will be recalculated on next use.
[2019.02.04-15.19.07:641][  0]LogDerivedDataCache: Saved boot cache 0.08s 71MB C:/Users/u0895866/AppData/Local/UnrealEngine/4.20/DerivedDataCache/Boot.ddc.
[2019.02.04-15.19.07:650][  0]LogInit: Texture streaming: Enabled
[2019.02.04-15.19.07:667][  0]LogEngineSessionManager: EngineSessionManager initialized
[2019.02.04-15.19.07:683][  0]LogInit: Transaction tracking system initialized
[2019.02.04-15.19.07:705][  0]BlueprintLog: New page: Editor Load
[2019.02.04-15.19.07:833][  0]LocalizationService: Localization service is disabled
[2019.02.04-15.19.08:100][  0]LogFileCache: Scanning file cache for directory 'C:/Users/u0895866/Documents/GitHub/KL_AssetPipeline/woodblocktext_KL/Content/' took 0.01s
[2019.02.04-15.19.08:100][  0]LogCook: Display: Max memory allowance for cook 16384mb min free memory 0mb
[2019.02.04-15.19.08:100][  0]LogCook: Display: Mobile HDR setting 1
[2019.02.04-15.19.08:100][  0]LogGameplayTags: Display: UGameplayTagsManager::DoneAddingNativeTags. DelegateIsBound: 0
[2019.02.04-15.19.08:100][  0]LogStats: UGameplayTagsManager::ConstructGameplayTagTree: ImportINI prefixes -  0.000 s
[2019.02.04-15.19.08:100][  0]LogStats: UGameplayTagsManager::ConstructGameplayTagTree: Construct from data asset -  0.000 s
[2019.02.04-15.19.08:100][  0]LogStats: UGameplayTagsManager::ConstructGameplayTagTree: ImportINI -  0.000 s
[2019.02.04-15.19.08:100][  0]LogStats: UGameplayTagsManager::ConstructGameplayTagTree: GameplayTagTreeChangedEvent.Broadcast -  0.000 s
[2019.02.04-15.19.08:234][  0]SourceControl: Source control is disabled
[2019.02.04-15.19.08:234][  0]Cmd: MAP LOAD FILE="../../../Engine/Content/Maps/Templates/Template_Default.umap" TEMPLATE=1 SHOWPROGRESS=1 FEATURELEVEL=3
[2019.02.04-15.19.08:234][  0]LightingResults: New page: Lighting Build
[2019.02.04-15.19.08:237][  0]MapCheck: New page: Map Check
[2019.02.04-15.19.08:237][  0]LightingResults: New page: Lighting Build
[2019.02.04-15.19.08:417][  0]LogAIModule: Creating AISystem for world Untitled_1
[2019.02.04-15.19.08:423][  0]LogEditorServer: Finished looking for orphan Actors (0.000 secs)
[2019.02.04-15.19.08:444][  0]Cmd: MAP CHECKDEP NOCLEARLOG
[2019.02.04-15.19.08:504][  0]MapCheck: Map check complete: 0 Error(s), 0 Warning(s), took 60.132ms to complete.
[2019.02.04-15.19.08:504][  0]LogFileHelpers: Loading map 'Template_Default' took 0.270
[2019.02.04-15.19.08:626][  0]LogSlate: Updating window title bar state: overlay mode, drag disabled, window buttons hidden, title bar hidden
[2019.02.04-15.19.08:633][  0]LogSlate: Updating window title bar state: overlay mode, drag disabled, window buttons hidden, title bar hidden
[2019.02.04-15.19.08:639][  0]LogSlate: Updating window title bar state: overlay mode, drag disabled, window buttons hidden, title bar hidden
[2019.02.04-15.19.08:646][  0]LogSlate: Updating window title bar state: overlay mode, drag disabled, window buttons hidden, title bar hidden
[2019.02.04-15.19.08:663][  0]LogCollectionManager: Loaded 0 collections in 0.001613 seconds
[2019.02.04-15.19.08:725][  0]LogFileCache: Scanning file cache for directory 'C:/Users/u0895866/Documents/GitHub/KL_AssetPipeline/woodblocktext_KL/Saved/Collections/' took 0.01s
[2019.02.04-15.19.08:725][  0]LogFileCache: Scanning file cache for directory 'C:/Users/u0895866/Documents/GitHub/KL_AssetPipeline/woodblocktext_KL/Content/Developers/u0895866/Collections/' took 0.01s
[2019.02.04-15.19.08:725][  0]LogFileCache: Scanning file cache for directory 'C:/Users/u0895866/Documents/GitHub/KL_AssetPipeline/woodblocktext_KL/Content/Collections/' took 0.01s
[2019.02.04-15.19.08:725][  0]LogCollectionManager: Rebuilt the GUID cache for 0 collections in 0.000001 seconds
[2019.02.04-15.19.08:736][  0]LogContentBrowser: Native class hierarchy populated in 0.0091 seconds. Added 2572 classes and 603 folders.
[2019.02.04-15.19.08:751][  0]LogContentBrowser: Native class hierarchy updated for 'WidgetCarousel' in 0.0003 seconds. Added 0 classes and 0 folders.
[2019.02.04-15.19.09:171][  0]LogContentBrowser: Native class hierarchy updated for 'AddContentDialog' in 0.0002 seconds. Added 0 classes and 0 folders.
[2019.02.04-15.19.09:187][  0]LogContentBrowser: Native class hierarchy updated for 'SceneOutliner' in 0.0003 seconds. Added 1 classes and 2 folders.
[2019.02.04-15.19.09:249][  0]LogSlate: Took 0.000184 seconds to synchronously load lazily loaded font '../../../Engine/Content/Slate/Fonts/Roboto-Regular.ttf' (155K)
[2019.02.04-15.19.09:252][  0]LogSlate: Took 0.000204 seconds to synchronously load lazily loaded font '../../../Engine/Content/Slate/Fonts/Roboto-Bold.ttf' (160K)
[2019.02.04-15.19.09:265][  0]LogSlate: Took 0.006644 seconds to synchronously load lazily loaded font '../../../Engine/Content/Editor/Slate/Fonts/FontAwesome.ttf' (139K)
[2019.02.04-15.19.09:380][  0]LogRenderer: Reallocating scene render targets to support 1208x576 Format 10 NumSamples 1 (Frame:1).
[2019.02.04-15.19.09:551][  0]LogContentBrowser: Native class hierarchy updated for 'HierarchicalLODOutliner' in 0.0002 seconds. Added 0 classes and 0 folders.
[2019.02.04-15.19.09:552][  0]LogLoad: (Engine Initialization) Total time: 8.50 seconds
[2019.02.04-15.19.09:552][  0]LogLoad: (Engine Initialization) Total Blueprint compile time: 0.00 seconds
[2019.02.04-15.19.09:562][  0]LogWindowsTextInputMethodSystem: Display: IME system now deactivated.
[2019.02.04-15.19.09:583][  0]LogContentStreaming: Texture pool size now 1000 MB
[2019.02.04-15.19.14:995][638]LogAssetRegistry: Asset discovery search completed in 9.8821 seconds
[2019.02.04-15.19.14:997][638]LogCollectionManager: Rebuilt the object cache for 0 collections in 0.000001 seconds (found 0 objects)
[2019.02.04-15.19.14:997][638]LogCollectionManager: Fixed up redirectors for 0 collections in 0.000042 seconds (updated 0 objects)
[2019.02.04-15.20.08:707][ 67]LogSlate: FSceneViewport::OnFocusLost() reason 2
[2019.02.04-15.20.10:607][275]LogSlate: FSceneViewport::OnFocusLost() reason 2
[2019.02.04-15.20.13:985][678]LogSlate: FSceneViewport::OnFocusLost() reason 2
[2019.02.04-15.21.50:950][899]LogSlate: Took 0.000189 seconds to synchronously load lazily loaded font '../../../Engine/Content/Slate/Fonts/Roboto-Light.ttf' (167K)
[2019.02.04-15.21.50:959][899]LogAssetEditorManager: Opening Asset editor for Material /Game/Materials/M_BlockMaster_KL.M_BlockMaster_KL
[2019.02.04-15.21.50:963][899]LogMaterial: Display: Missing cached shader map for material M_BlockMaster_KL, compiling. 
[2019.02.04-15.21.51:331][899]LogMaterial: Display: Missing cached shader map for material M_BlockMaster_KL, compiling. 
[2019.02.04-15.21.51:348][899]LogShaderCompilers: Display: Shaders left to compile 21
[2019.02.04-15.21.51:348][899]LogShaderCompilers: Display: Shaders left to compile 20
[2019.02.04-15.21.51:348][899]LogShaderCompilers: Display: Shaders left to compile 19
[2019.02.04-15.21.51:348][899]LogShaderCompilers: Display: Shaders left to compile 18
[2019.02.04-15.21.51:396][899]LogSlate: Took 0.008387 seconds to synchronously load lazily loaded font '../../../Engine/Content/Slate/Fonts/Roboto-BoldCondensed.ttf' (158K)
[2019.02.04-15.21.52:506][964]LogShaderCompilers: Display: Shaders left to compile 17
[2019.02.04-15.21.52:506][964]LogShaderCompilers: Display: Shaders left to compile 16
[2019.02.04-15.21.52:506][964]LogShaderCompilers: Display: Shaders left to compile 15
[2019.02.04-15.21.52:539][967]LogShaderCompilers: Display: Shaders left to compile 14
[2019.02.04-15.21.52:677][977]LogShaderCompilers: Display: Shaders left to compile 13
[2019.02.04-15.21.52:689][978]LogShaderCompilers: Display: Shaders left to compile 12
[2019.02.04-15.21.52:703][979]LogShaderCompilers: Display: Shaders left to compile 11
[2019.02.04-15.21.52:703][979]LogShaderCompilers: Display: Shaders left to compile 10
[2019.02.04-15.21.52:819][987]LogShaderCompilers: Display: Shaders left to compile 9
[2019.02.04-15.21.52:959][997]LogShaderCompilers: Display: Shaders left to compile 8
[2019.02.04-15.21.53:092][  7]LogShaderCompilers: Display: Shaders left to compile 7
[2019.02.04-15.21.53:131][ 10]LogShaderCompilers: Display: Shaders left to compile 6
[2019.02.04-15.21.53:210][ 16]LogShaderCompilers: Display: Shaders left to compile 5
[2019.02.04-15.21.53:331][ 26]LogShaderCompilers: Display: Shaders left to compile 4
[2019.02.04-15.21.53:355][ 28]LogShaderCompilers: Display: Shaders left to compile 3
[2019.02.04-15.21.53:530][ 41]LogShaderCompilers: Display: Shaders left to compile 2
[2019.02.04-15.21.53:573][ 44]LogShaderCompilers: Display: Shaders left to compile 1
[2019.02.04-15.21.53:879][ 67]MaterialEditorStats: Base pass shader: 99 instructions
[2019.02.04-15.21.53:879][ 67]MaterialEditorStats: Base pass shader with Volumetric Lightmap: 172 instructions
[2019.02.04-15.21.53:879][ 67]MaterialEditorStats: Base pass vertex shader: 32 instructions
[2019.02.04-15.21.53:879][ 67]MaterialEditorStats: Texture samplers: 3/16
[2019.02.04-15.27.09:148][280]LogMaterial: Display: Missing cached shader map for material M_BlockMaster_KL, compiling. 
[2019.02.04-15.27.09:161][280]LogMaterial: Display: Missing cached shader map for material FMatExpressionPreview MaterialExpressionTextureSampleParameter2D_0, compiling. 
[2019.02.04-15.27.09:208][281]LogShaderCompilers: Display: Shaders left to compile 23
[2019.02.04-15.27.09:208][281]LogShaderCompilers: Display: Shaders left to compile 22
[2019.02.04-15.27.09:208][281]LogShaderCompilers: Display: Shaders left to compile 21
[2019.02.04-15.27.09:209][281]LogShaderCompilers: Display: Shaders left to compile 20
[2019.02.04-15.27.09:222][281]LogSlate: Took 0.008515 seconds to synchronously load lazily loaded font '../../../Engine/Content/Slate/Fonts/Roboto-Italic.ttf' (157K)
[2019.02.04-15.27.09:712][324]LogShaderCompilers: Display: Shaders left to compile 19
[2019.02.04-15.27.09:940][345]LogShaderCompilers: Display: Shaders left to compile 18
[2019.02.04-15.27.09:940][345]LogShaderCompilers: Display: Shaders left to compile 17
[2019.02.04-15.27.09:940][345]LogShaderCompilers: Display: Shaders left to compile 16
[2019.02.04-15.27.10:111][358]LogShaderCompilers: Display: Shaders left to compile 15
[2019.02.04-15.27.10:115][358]LogShaderCompilers: Display: Shaders left to compile 14
[2019.02.04-15.27.10:125][359]LogShaderCompilers: Display: Shaders left to compile 13
[2019.02.04-15.27.10:135][360]LogShaderCompilers: Display: Shaders left to compile 12
[2019.02.04-15.27.10:248][369]LogShaderCompilers: Display: Shaders left to compile 11
[2019.02.04-15.27.10:388][379]LogShaderCompilers: Display: Shaders left to compile 10
[2019.02.04-15.27.10:509][388]LogShaderCompilers: Display: Shaders left to compile 9
[2019.02.04-15.27.10:549][391]LogShaderCompilers: Display: Shaders left to compile 8
[2019.02.04-15.27.10:616][396]LogShaderCompilers: Display: Shaders left to compile 7
[2019.02.04-15.27.10:728][404]LogShaderCompilers: Display: Shaders left to compile 6
[2019.02.04-15.27.10:780][408]LogShaderCompilers: Display: Shaders left to compile 5
[2019.02.04-15.27.10:962][421]LogShaderCompilers: Display: Shaders left to compile 4
[2019.02.04-15.27.10:975][422]LogShaderCompilers: Display: Shaders left to compile 3
[2019.02.04-15.27.11:059][429]LogShaderCompilers: Display: Shaders left to compile 2
[2019.02.04-15.27.11:148][436]LogShaderCompilers: Display: Shaders left to compile 1
[2019.02.04-15.27.11:337][451]MaterialEditorStats: Base pass shader: 99 instructions
[2019.02.04-15.27.11:337][451]MaterialEditorStats: Base pass shader with Volumetric Lightmap: 172 instructions
[2019.02.04-15.27.11:337][451]MaterialEditorStats: Base pass vertex shader: 32 instructions
[2019.02.04-15.27.11:337][451]MaterialEditorStats: Texture samplers: 3/16
[2019.02.04-15.27.38:744][875]LogMaterial: Display: Missing cached shader map for material M_BlockMaster_KL, compiling. 
[2019.02.04-15.27.38:759][875]LogMaterial: Display: Missing cached shader map for material FMatExpressionPreview MaterialExpressionTextureSampleParameter2D_0, compiling. 
[2019.02.04-15.27.38:774][875]LogShaderCompilers: Display: Shaders left to compile 23
[2019.02.04-15.27.38:774][875]LogShaderCompilers: Display: Shaders left to compile 22
[2019.02.04-15.27.38:774][875]LogShaderCompilers: Display: Shaders left to compile 21
[2019.02.04-15.27.38:774][875]LogShaderCompilers: Display: Shaders left to compile 20
[2019.02.04-15.27.39:365][920]LogShaderCompilers: Display: Shaders left to compile 19
[2019.02.04-15.27.39:403][923]LogShaderCompilers: Display: Shaders left to compile 18
[2019.02.04-15.27.39:411][924]LogShaderCompilers: Display: Shaders left to compile 17
[2019.02.04-15.27.39:411][924]LogShaderCompilers: Display: Shaders left to compile 16
[2019.02.04-15.27.39:542][933]LogShaderCompilers: Display: Shaders left to compile 15
[2019.02.04-15.27.39:574][936]LogShaderCompilers: Display: Shaders left to compile 14
[2019.02.04-15.27.39:587][937]LogShaderCompilers: Display: Shaders left to compile 13
[2019.02.04-15.27.39:601][938]LogShaderCompilers: Display: Shaders left to compile 12
[2019.02.04-15.27.39:705][946]LogShaderCompilers: Display: Shaders left to compile 11
[2019.02.04-15.27.39:877][958]LogShaderCompilers: Display: Shaders left to compile 10
[2019.02.04-15.27.39:999][967]LogShaderCompilers: Display: Shaders left to compile 9
[2019.02.04-15.27.40:037][970]LogShaderCompilers: Display: Shaders left to compile 8
[2019.02.04-15.27.40:097][974]LogShaderCompilers: Display: Shaders left to compile 7
[2019.02.04-15.27.40:246][985]LogShaderCompilers: Display: Shaders left to compile 6
[2019.02.04-15.27.40:305][989]LogShaderCompilers: Display: Shaders left to compile 5
[2019.02.04-15.27.40:470][  1]LogShaderCompilers: Display: Shaders left to compile 4
[2019.02.04-15.27.40:507][  4]LogShaderCompilers: Display: Shaders left to compile 3
[2019.02.04-15.27.40:560][  8]LogShaderCompilers: Display: Shaders left to compile 2
[2019.02.04-15.27.40:672][ 16]LogShaderCompilers: Display: Shaders left to compile 1
[2019.02.04-15.27.41:821][142]MaterialEditorStats: Base pass shader: 102 instructions
[2019.02.04-15.27.41:821][142]MaterialEditorStats: Base pass shader with Volumetric Lightmap: 175 instructions
[2019.02.04-15.27.41:821][142]MaterialEditorStats: Base pass vertex shader: 36 instructions
[2019.02.04-15.27.41:821][142]MaterialEditorStats: Texture samplers: 4/16
[2019.02.04-15.27.41:821][142]MaterialEditorStats: Texture Lookups (Est.): VS(0), PS(1)
[2019.02.04-15.27.41:821][142]MaterialEditorStats: User interpolators: 2/4 Scalars (1/4 Vectors) (TexCoords: 2, Custom: 0)
[2019.02.04-15.28.23:301][407]LogMaterialEditor: Saving and Compiling material M_BlockMaster_KL
[2019.02.04-15.28.23:763][407]LogMaterial: Display: Missing cached shader map for material M_BlockMaster_KL, compiling. 
[2019.02.04-15.28.23:803][407]LogShaderCompilers: Display: Shaders left to compile 21
[2019.02.04-15.28.23:803][407]LogShaderCompilers: Display: Shaders left to compile 20
[2019.02.04-15.28.23:803][407]LogShaderCompilers: Display: Shaders left to compile 19
[2019.02.04-15.28.23:803][407]LogShaderCompilers: Display: Shaders left to compile 18
[2019.02.04-15.28.23:820][407]LogMaterial: Display: Missing cached shader map for material M_BlockMaster_KL, compiling. 
[2019.02.04-15.28.23:835][407]LogMaterial: Display: Missing cached shader map for material M_BlockMaster_KL, compiling. 
[2019.02.04-15.28.23:874][407]LogMaterial: Display: Missing cached shader map for material FDebugViewModeMaterialProxy M_BlockMaster_KL, compiling. 
[2019.02.04-15.28.25:427][407]LogShaderCompilers: Display: Shaders left to compile 40
[2019.02.04-15.28.25:427][407]LogShaderCompilers: Display: Shaders left to compile 39
[2019.02.04-15.28.25:427][407]LogShaderCompilers: Display: Shaders left to compile 38
[2019.02.04-15.28.25:427][407]LogShaderCompilers: Display: Shaders left to compile 37
[2019.02.04-15.28.25:427][407]LogShaderCompilers: Display: Shaders left to compile 36
[2019.02.04-15.28.25:427][407]LogShaderCompilers: Display: Shaders left to compile 35
[2019.02.04-15.28.25:427][407]LogShaderCompilers: Display: Shaders left to compile 34
[2019.02.04-15.28.25:427][407]LogShaderCompilers: Display: Shaders left to compile 33
[2019.02.04-15.28.25:427][407]LogShaderCompilers: Display: Shaders left to compile 32
[2019.02.04-15.28.25:427][407]LogShaderCompilers: Display: Shaders left to compile 31
[2019.02.04-15.28.25:427][407]LogShaderCompilers: Display: Shaders left to compile 30
[2019.02.04-15.28.25:427][407]LogShaderCompilers: Display: Shaders left to compile 29
[2019.02.04-15.28.25:427][407]LogShaderCompilers: Display: Shaders left to compile 28
[2019.02.04-15.28.25:427][407]LogShaderCompilers: Display: Shaders left to compile 27
[2019.02.04-15.28.25:427][407]LogShaderCompilers: Display: Shaders left to compile 26
[2019.02.04-15.28.25:427][407]LogShaderCompilers: Display: Shaders left to compile 25
[2019.02.04-15.28.25:427][407]LogShaderCompilers: Display: Shaders left to compile 24
[2019.02.04-15.28.25:427][407]LogShaderCompilers: Display: Shaders left to compile 23
[2019.02.04-15.28.25:427][407]LogShaderCompilers: Display: Shaders left to compile 22
[2019.02.04-15.28.25:427][407]LogShaderCompilers: Display: Shaders left to compile 12
[2019.02.04-15.28.25:427][407]LogShaderCompilers: Display: Shaders left to compile 2
[2019.02.04-15.28.25:429][407]TextureStreamingBuild: Display: Compiling optional shaders took 1.562 seconds.
[2019.02.04-15.28.27:650][407]LogSavePackage: Moving '../../../../../../Users/u0895866/Documents/GitHub/KL_AssetPipeline/woodblocktext_KL/Saved/M_BlockMaster_KL6D6982894825ABC0B90627BD3707F9B0.tmp' to '../../../../../../Users/u0895866/Documents/GitHub/KL_AssetPipeline/woodblocktext_KL/Content/Materials/M_BlockMaster_KL.uasset'
[2019.02.04-15.29.33:437][134]LogMaterialEditor: Saving and Compiling material M_BlockMaster_KL
[2019.02.04-15.29.33:902][134]LogMaterial: Display: Missing cached shader map for material M_BlockMaster_KL, compiling. 
[2019.02.04-15.29.33:948][134]LogShaderCompilers: Display: Shaders left to compile 21
[2019.02.04-15.29.33:948][134]LogShaderCompilers: Display: Shaders left to compile 20
[2019.02.04-15.29.33:948][134]LogShaderCompilers: Display: Shaders left to compile 19
[2019.02.04-15.29.33:948][134]LogShaderCompilers: Display: Shaders left to compile 18
[2019.02.04-15.29.33:953][134]LogMaterial: Display: Missing cached shader map for material M_BlockMaster_KL, compiling. 
[2019.02.04-15.29.33:967][134]LogMaterial: Display: Missing cached shader map for material M_BlockMaster_KL, compiling. 
[2019.02.04-15.29.34:002][134]LogMaterial: Display: Missing cached shader map for material FDebugViewModeMaterialProxy M_BlockMaster_KL, compiling. 
[2019.02.04-15.29.35:579][134]LogShaderCompilers: Display: Shaders left to compile 40
[2019.02.04-15.29.35:579][134]LogShaderCompilers: Display: Shaders left to compile 39
[2019.02.04-15.29.35:579][134]LogShaderCompilers: Display: Shaders left to compile 38
[2019.02.04-15.29.35:579][134]LogShaderCompilers: Display: Shaders left to compile 37
[2019.02.04-15.29.35:579][134]LogShaderCompilers: Display: Shaders left to compile 36
[2019.02.04-15.29.35:579][134]LogShaderCompilers: Display: Shaders left to compile 35
[2019.02.04-15.29.35:579][134]LogShaderCompilers: Display: Shaders left to compile 34
[2019.02.04-15.29.35:579][134]LogShaderCompilers: Display: Shaders left to compile 33
[2019.02.04-15.29.35:579][134]LogShaderCompilers: Display: Shaders left to compile 32
[2019.02.04-15.29.35:579][134]LogShaderCompilers: Display: Shaders left to compile 31
[2019.02.04-15.29.35:579][134]LogShaderCompilers: Display: Shaders left to compile 30
[2019.02.04-15.29.35:579][134]LogShaderCompilers: Display: Shaders left to compile 29
[2019.02.04-15.29.35:579][134]LogShaderCompilers: Display: Shaders left to compile 28
[2019.02.04-15.29.35:579][134]LogShaderCompilers: Display: Shaders left to compile 27
[2019.02.04-15.29.35:579][134]LogShaderCompilers: Display: Shaders left to compile 26
[2019.02.04-15.29.35:579][134]LogShaderCompilers: Display: Shaders left to compile 25
[2019.02.04-15.29.35:579][134]LogShaderCompilers: Display: Shaders left to compile 24
[2019.02.04-15.29.35:579][134]LogShaderCompilers: Display: Shaders left to compile 23
[2019.02.04-15.29.35:579][134]LogShaderCompilers: Display: Shaders left to compile 22
[2019.02.04-15.29.35:579][134]LogShaderCompilers: Display: Shaders left to compile 12
[2019.02.04-15.29.35:581][134]TextureStreamingBuild: Display: Compiling optional shaders took 1.584 seconds.
[2019.02.04-15.29.35:603][134]LogShaderCompilers: Display: Shaders left to compile 2
[2019.02.04-15.29.37:769][134]LogSavePackage: Moving '../../../../../../Users/u0895866/Documents/GitHub/KL_AssetPipeline/woodblocktext_KL/Saved/M_BlockMaster_KLE8553D0948D1C9801BD653BCF0FC15E8.tmp' to '../../../../../../Users/u0895866/Documents/GitHub/KL_AssetPipeline/woodblocktext_KL/Content/Materials/M_BlockMaster_KL.uasset'
[2019.02.04-15.29.38:489][196]LogSlate: Window 'M_BlockMaster_KL' being destroyed
[2019.02.04-15.29.38:493][196]LogSlate: Window 'M_BlockMaster_KL' being destroyed
[2019.02.04-15.43.59:171][310]LogAssetEditorManager: Opening Asset editor for Material /Game/Materials/M_BlockMaster_KL.M_BlockMaster_KL
[2019.02.04-15.43.59:173][310]LogMaterial: Display: Missing cached shader map for material PreviewMaterial_0, compiling. 
[2019.02.04-15.43.59:241][310]LogMaterial: Display: Missing cached shader map for material PreviewMaterial_0, compiling. 
[2019.02.04-15.43.59:254][310]LogMaterial: Display: Missing cached shader map for material PreviewMaterial_0, compiling. 
[2019.02.04-15.43.59:279][310]LogShaderCompilers: Display: Shaders left to compile 21
[2019.02.04-15.43.59:279][310]LogShaderCompilers: Display: Shaders left to compile 20
[2019.02.04-15.43.59:279][310]LogShaderCompilers: Display: Shaders left to compile 19
[2019.02.04-15.43.59:279][310]LogShaderCompilers: Display: Shaders left to compile 18
[2019.02.04-15.43.59:292][310]LogMaterial: Display: Missing cached shader map for material FMatExpressionPreview MaterialExpressionTextureSampleParameter2D_0, compiling. 
[2019.02.04-15.43.59:874][345]LogShaderCompilers: Display: Shaders left to compile 19
[2019.02.04-15.44.00:222][376]LogShaderCompilers: Display: Shaders left to compile 18
[2019.02.04-15.44.00:222][376]LogShaderCompilers: Display: Shaders left to compile 17
[2019.02.04-15.44.00:222][376]LogShaderCompilers: Display: Shaders left to compile 16
[2019.02.04-15.44.00:408][392]LogShaderCompilers: Display: Shaders left to compile 15
[2019.02.04-15.44.00:427][394]LogShaderCompilers: Display: Shaders left to compile 14
[2019.02.04-15.44.00:434][395]LogShaderCompilers: Display: Shaders left to compile 13
[2019.02.04-15.44.00:441][396]LogShaderCompilers: Display: Shaders left to compile 12
[2019.02.04-15.44.00:569][406]LogShaderCompilers: Display: Shaders left to compile 11
[2019.02.04-15.44.00:681][416]LogShaderCompilers: Display: Shaders left to compile 10
[2019.02.04-15.44.00:819][430]LogShaderCompilers: Display: Shaders left to compile 9
[2019.02.04-15.44.00:856][434]LogShaderCompilers: Display: Shaders left to compile 8
[2019.02.04-15.44.00:934][442]LogShaderCompilers: Display: Shaders left to compile 7
[2019.02.04-15.44.01:051][453]LogShaderCompilers: Display: Shaders left to compile 6
[2019.02.04-15.44.01:062][454]LogShaderCompilers: Display: Shaders left to compile 5
[2019.02.04-15.44.01:291][475]LogShaderCompilers: Display: Shaders left to compile 4
[2019.02.04-15.44.01:313][477]LogShaderCompilers: Display: Shaders left to compile 3
[2019.02.04-15.44.01:384][485]LogShaderCompilers: Display: Shaders left to compile 2
[2019.02.04-15.44.01:440][491]LogShaderCompilers: Display: Shaders left to compile 1
[2019.02.04-15.44.03:661][749]MaterialEditorStats: Base pass shader: 102 instructions
[2019.02.04-15.44.03:661][749]MaterialEditorStats: Base pass shader with Volumetric Lightmap: 175 instructions
[2019.02.04-15.44.03:661][749]MaterialEditorStats: Base pass vertex shader: 36 instructions
[2019.02.04-15.44.03:661][749]MaterialEditorStats: Texture samplers: 4/16
[2019.02.04-15.44.03:661][749]MaterialEditorStats: Texture Lookups (Est.): VS(0), PS(1)
[2019.02.04-15.44.03:661][749]MaterialEditorStats: User interpolators: 2/4 Scalars (1/4 Vectors) (TexCoords: 2, Custom: 0)
[2019.02.04-15.44.38:134][811]LogMaterial: Display: Missing cached shader map for material PreviewMaterial_0, compiling. 
[2019.02.04-15.44.38:147][811]LogMaterial: Display: Missing cached shader map for material FMatExpressionPreview MaterialExpressionTextureSampleParameter2D_1, compiling. 
[2019.02.04-15.44.38:186][812]LogShaderCompilers: Display: Shaders left to compile 23
[2019.02.04-15.44.38:186][812]LogShaderCompilers: Display: Shaders left to compile 22
[2019.02.04-15.44.38:186][812]LogShaderCompilers: Display: Shaders left to compile 21
[2019.02.04-15.44.38:186][812]LogShaderCompilers: Display: Shaders left to compile 20
[2019.02.04-15.44.38:751][860]LogShaderCompilers: Display: Shaders left to compile 19
[2019.02.04-15.44.38:784][863]LogShaderCompilers: Display: Shaders left to compile 18
[2019.02.04-15.44.38:795][864]LogShaderCompilers: Display: Shaders left to compile 17
[2019.02.04-15.44.38:803][865]LogShaderCompilers: Display: Shaders left to compile 16
[2019.02.04-15.44.38:922][874]LogShaderCompilers: Display: Shaders left to compile 15
[2019.02.04-15.44.38:958][877]LogShaderCompilers: Display: Shaders left to compile 14
[2019.02.04-15.44.38:966][878]LogShaderCompilers: Display: Shaders left to compile 13
[2019.02.04-15.44.38:987][880]LogShaderCompilers: Display: Shaders left to compile 12
[2019.02.04-15.44.39:077][888]LogShaderCompilers: Display: Shaders left to compile 11
[2019.02.04-15.44.39:260][901]LogShaderCompilers: Display: Shaders left to compile 10
[2019.02.04-15.44.39:376][911]LogShaderCompilers: Display: Shaders left to compile 9
[2019.02.04-15.44.39:411][914]LogShaderCompilers: Display: Shaders left to compile 8
[2019.02.04-15.44.39:484][920]LogShaderCompilers: Display: Shaders left to compile 7
[2019.02.04-15.44.39:635][932]LogShaderCompilers: Display: Shaders left to compile 6
[2019.02.04-15.44.39:672][935]LogShaderCompilers: Display: Shaders left to compile 5
[2019.02.04-15.44.39:882][951]LogShaderCompilers: Display: Shaders left to compile 4
[2019.02.04-15.44.39:912][953]LogShaderCompilers: Display: Shaders left to compile 3
[2019.02.04-15.44.39:974][958]LogShaderCompilers: Display: Shaders left to compile 2
[2019.02.04-15.44.40:073][966]LogShaderCompilers: Display: Shaders left to compile 1
[2019.02.04-15.44.40:299][983]MaterialEditorStats: Base pass shader: 102 instructions
[2019.02.04-15.44.40:299][983]MaterialEditorStats: Base pass shader with Volumetric Lightmap: 175 instructions
[2019.02.04-15.44.40:299][983]MaterialEditorStats: Base pass vertex shader: 36 instructions
[2019.02.04-15.44.40:299][983]MaterialEditorStats: Texture samplers: 4/16
[2019.02.04-15.44.40:299][983]MaterialEditorStats: Texture Lookups (Est.): VS(0), PS(1)
[2019.02.04-15.44.40:299][983]MaterialEditorStats: User interpolators: 2/4 Scalars (1/4 Vectors) (TexCoords: 2, Custom: 0)
[2019.02.04-15.44.45:280][451]LogMaterial: Display: Missing cached shader map for material PreviewMaterial_0, compiling. 
[2019.02.04-15.44.45:297][451]LogMaterial: Display: Missing cached shader map for material FMatExpressionPreview MaterialExpressionTextureSampleParameter2D_1, compiling. 
[2019.02.04-15.44.45:311][451]LogShaderCompilers: Display: Shaders left to compile 21
[2019.02.04-15.44.45:311][451]LogShaderCompilers: Display: Shaders left to compile 20
[2019.02.04-15.44.45:311][451]LogShaderCompilers: Display: Shaders left to compile 19
[2019.02.04-15.44.45:311][451]LogShaderCompilers: Display: Shaders left to compile 18
[2019.02.04-15.44.45:548][469]LogShaderCompilers: Display: Shaders left to compile 19
[2019.02.04-15.44.45:560][470]LogShaderCompilers: Display: Shaders left to compile 18
[2019.02.04-15.44.45:594][472]LogShaderCompilers: Display: Shaders left to compile 17
[2019.02.04-15.44.45:594][472]LogShaderCompilers: Display: Shaders left to compile 16
[2019.02.04-15.44.45:726][480]LogShaderCompilers: Display: Shaders left to compile 15
[2019.02.04-15.44.45:758][483]LogShaderCompilers: Display: Shaders left to compile 14
[2019.02.04-15.44.45:776][485]LogShaderCompilers: Display: Shaders left to compile 13
[2019.02.04-15.44.45:788][486]LogShaderCompilers: Display: Shaders left to compile 12
[2019.02.04-15.44.45:894][495]LogShaderCompilers: Display: Shaders left to compile 11
[2019.02.04-15.44.46:054][507]LogShaderCompilers: Display: Shaders left to compile 10
[2019.02.04-15.44.46:211][520]LogShaderCompilers: Display: Shaders left to compile 9
[2019.02.04-15.44.46:233][522]LogShaderCompilers: Display: Shaders left to compile 8
[2019.02.04-15.44.46:307][528]LogShaderCompilers: Display: Shaders left to compile 7
[2019.02.04-15.44.46:466][541]LogShaderCompilers: Display: Shaders left to compile 6
[2019.02.04-15.44.46:491][543]LogShaderCompilers: Display: Shaders left to compile 5
[2019.02.04-15.44.46:663][557]LogShaderCompilers: Display: Shaders left to compile 4
[2019.02.04-15.44.46:725][562]LogShaderCompilers: Display: Shaders left to compile 3
[2019.02.04-15.44.46:771][566]LogShaderCompilers: Display: Shaders left to compile 2
[2019.02.04-15.44.46:866][574]LogShaderCompilers: Display: Shaders left to compile 1
[2019.02.04-15.44.47:088][591]MaterialEditorStats: Base pass shader: 103 instructions
[2019.02.04-15.44.47:088][591]MaterialEditorStats: Base pass shader with Volumetric Lightmap: 176 instructions
[2019.02.04-15.44.47:088][591]MaterialEditorStats: Base pass vertex shader: 36 instructions
[2019.02.04-15.44.47:088][591]MaterialEditorStats: Texture samplers: 5/16
[2019.02.04-15.44.47:088][591]MaterialEditorStats: Texture Lookups (Est.): VS(0), PS(2)
[2019.02.04-15.44.47:088][591]MaterialEditorStats: User interpolators: 2/4 Scalars (1/4 Vectors) (TexCoords: 2, Custom: 0)
[2019.02.04-15.46.15:523][ 13]LogMaterialEditor: Saving and Compiling material M_BlockMaster_KL
[2019.02.04-15.46.15:988][ 13]LogMaterial: Display: Missing cached shader map for material PreviewMaterial_0, compiling. 
[2019.02.04-15.46.16:030][ 13]LogShaderCompilers: Display: Shaders left to compile 21
[2019.02.04-15.46.16:030][ 13]LogShaderCompilers: Display: Shaders left to compile 20
[2019.02.04-15.46.16:030][ 13]LogShaderCompilers: Display: Shaders left to compile 19
[2019.02.04-15.46.16:030][ 13]LogShaderCompilers: Display: Shaders left to compile 18
[2019.02.04-15.46.16:040][ 13]LogMaterial: Display: Missing cached shader map for material M_BlockMaster_KL, compiling. 
[2019.02.04-15.46.16:054][ 13]LogMaterial: Display: Missing cached shader map for material M_BlockMaster_KL, compiling. 
[2019.02.04-15.46.16:097][ 13]LogMaterial: Display: Missing cached shader map for material FDebugViewModeMaterialProxy M_BlockMaster_KL, compiling. 
[2019.02.04-15.46.17:696][ 13]LogShaderCompilers: Display: Shaders left to compile 40
[2019.02.04-15.46.17:696][ 13]LogShaderCompilers: Display: Shaders left to compile 39
[2019.02.04-15.46.17:696][ 13]LogShaderCompilers: Display: Shaders left to compile 38
[2019.02.04-15.46.17:696][ 13]LogShaderCompilers: Display: Shaders left to compile 37
[2019.02.04-15.46.17:696][ 13]LogShaderCompilers: Display: Shaders left to compile 36
[2019.02.04-15.46.17:696][ 13]LogShaderCompilers: Display: Shaders left to compile 35
[2019.02.04-15.46.17:696][ 13]LogShaderCompilers: Display: Shaders left to compile 34
[2019.02.04-15.46.17:696][ 13]LogShaderCompilers: Display: Shaders left to compile 33
[2019.02.04-15.46.17:696][ 13]LogShaderCompilers: Display: Shaders left to compile 32
[2019.02.04-15.46.17:696][ 13]LogShaderCompilers: Display: Shaders left to compile 31
[2019.02.04-15.46.17:696][ 13]LogShaderCompilers: Display: Shaders left to compile 30
[2019.02.04-15.46.17:696][ 13]LogShaderCompilers: Display: Shaders left to compile 29
[2019.02.04-15.46.17:696][ 13]LogShaderCompilers: Display: Shaders left to compile 28
[2019.02.04-15.46.17:696][ 13]LogShaderCompilers: Display: Shaders left to compile 27
[2019.02.04-15.46.17:696][ 13]LogShaderCompilers: Display: Shaders left to compile 26
[2019.02.04-15.46.17:696][ 13]LogShaderCompilers: Display: Shaders left to compile 25
[2019.02.04-15.46.17:696][ 13]LogShaderCompilers: Display: Shaders left to compile 24
[2019.02.04-15.46.17:696][ 13]LogShaderCompilers: Display: Shaders left to compile 23
[2019.02.04-15.46.17:696][ 13]LogShaderCompilers: Display: Shaders left to compile 22
[2019.02.04-15.46.17:696][ 13]LogShaderCompilers: Display: Shaders left to compile 12
[2019.02.04-15.46.17:696][ 13]LogShaderCompilers: Display: Shaders left to compile 2
[2019.02.04-15.46.17:697][ 13]TextureStreamingBuild: Display: Compiling optional shaders took 1.609 seconds.
[2019.02.04-15.46.19:958][ 13]LogSavePackage: Moving '../../../../../../Users/u0895866/Documents/GitHub/KL_AssetPipeline/woodblocktext_KL/Saved/M_BlockMaster_KLC85954FC4D7400B8CA31438A64A9B677.tmp' to '../../../../../../Users/u0895866/Documents/GitHub/KL_AssetPipeline/woodblocktext_KL/Content/Materials/M_BlockMaster_KL.uasset'
[2019.02.04-16.14.28:421][701]LogMaterial: Display: Missing cached shader map for material PreviewMaterial_0, compiling. 
[2019.02.04-16.14.28:461][702]LogShaderCompilers: Display: Shaders left to compile 21
[2019.02.04-16.14.28:461][702]LogShaderCompilers: Display: Shaders left to compile 20
[2019.02.04-16.14.28:461][702]LogShaderCompilers: Display: Shaders left to compile 19
[2019.02.04-16.14.28:461][702]LogShaderCompilers: Display: Shaders left to compile 18
[2019.02.04-16.14.29:025][750]LogShaderCompilers: Display: Shaders left to compile 17
[2019.02.04-16.14.29:066][754]LogShaderCompilers: Display: Shaders left to compile 16
[2019.02.04-16.14.29:077][755]LogShaderCompilers: Display: Shaders left to compile 15
[2019.02.04-16.14.29:077][755]LogShaderCompilers: Display: Shaders left to compile 14
[2019.02.04-16.14.29:199][765]LogShaderCompilers: Display: Shaders left to compile 13
[2019.02.04-16.14.29:243][769]LogShaderCompilers: Display: Shaders left to compile 12
[2019.02.04-16.14.29:255][770]LogShaderCompilers: Display: Shaders left to compile 11
[2019.02.04-16.14.29:278][772]LogShaderCompilers: Display: Shaders left to compile 10
[2019.02.04-16.14.29:358][779]LogShaderCompilers: Display: Shaders left to compile 9
[2019.02.04-16.14.29:553][793]LogShaderCompilers: Display: Shaders left to compile 8
[2019.02.04-16.14.29:680][804]LogShaderCompilers: Display: Shaders left to compile 7
[2019.02.04-16.14.29:717][807]LogShaderCompilers: Display: Shaders left to compile 6
[2019.02.04-16.14.29:766][811]LogShaderCompilers: Display: Shaders left to compile 5
[2019.02.04-16.14.29:928][824]LogShaderCompilers: Display: Shaders left to compile 4
[2019.02.04-16.14.29:955][826]LogShaderCompilers: Display: Shaders left to compile 3
[2019.02.04-16.14.30:165][843]LogShaderCompilers: Display: Shaders left to compile 2
[2019.02.04-16.14.30:190][845]LogShaderCompilers: Display: Shaders left to compile 1
[2019.02.04-16.14.30:509][873]MaterialEditorStats: Base pass shader: 103 instructions
[2019.02.04-16.14.30:510][873]MaterialEditorStats: Base pass shader with Volumetric Lightmap: 176 instructions
[2019.02.04-16.14.30:510][873]MaterialEditorStats: Base pass vertex shader: 36 instructions
[2019.02.04-16.14.30:510][873]MaterialEditorStats: Texture samplers: 5/16
[2019.02.04-16.14.30:510][873]MaterialEditorStats: Texture Lookups (Est.): VS(0), PS(2)
[2019.02.04-16.14.30:510][873]MaterialEditorStats: User interpolators: 2/4 Scalars (1/4 Vectors) (TexCoords: 2, Custom: 0)
[2019.02.04-16.15.16:572][474]LogMaterial: Display: Missing cached shader map for material PreviewMaterial_0, compiling. 
[2019.02.04-16.15.16:592][474]LogShaderCompilers: Display: Shaders left to compile 21
[2019.02.04-16.15.16:592][474]LogShaderCompilers: Display: Shaders left to compile 20
[2019.02.04-16.15.16:592][474]LogShaderCompilers: Display: Shaders left to compile 19
[2019.02.04-16.15.16:592][474]LogShaderCompilers: Display: Shaders left to compile 18
[2019.02.04-16.15.16:595][474]LogMaterial: Display: Missing cached shader map for material FMatExpressionPreview MaterialExpressionTextureSampleParameter2D_0, compiling. 
[2019.02.04-16.15.17:203][519]LogShaderCompilers: Display: Shaders left to compile 19
[2019.02.04-16.15.17:236][522]LogShaderCompilers: Display: Shaders left to compile 18
[2019.02.04-16.15.17:246][523]LogShaderCompilers: Display: Shaders left to compile 17
[2019.02.04-16.15.17:248][523]LogShaderCompilers: Display: Shaders left to compile 16
[2019.02.04-16.15.17:394][534]LogShaderCompilers: Display: Shaders left to compile 15
[2019.02.04-16.15.17:417][536]LogShaderCompilers: Display: Shaders left to compile 14
[2019.02.04-16.15.17:443][538]LogShaderCompilers: Display: Shaders left to compile 13
[2019.02.04-16.15.17:453][539]LogShaderCompilers: Display: Shaders left to compile 12
[2019.02.04-16.15.17:572][548]LogShaderCompilers: Display: Shaders left to compile 11
[2019.02.04-16.15.17:742][559]LogShaderCompilers: Display: Shaders left to compile 10
[2019.02.04-16.15.17:862][568]LogShaderCompilers: Display: Shaders left to compile 9
[2019.02.04-16.15.17:914][572]LogShaderCompilers: Display: Shaders left to compile 8
[2019.02.04-16.15.17:995][578]LogShaderCompilers: Display: Shaders left to compile 7
[2019.02.04-16.15.18:123][589]LogShaderCompilers: Display: Shaders left to compile 6
[2019.02.04-16.15.18:153][592]LogShaderCompilers: Display: Shaders left to compile 5
[2019.02.04-16.15.18:328][607]LogShaderCompilers: Display: Shaders left to compile 4
[2019.02.04-16.15.18:386][612]LogShaderCompilers: Display: Shaders left to compile 3
[2019.02.04-16.15.18:439][617]LogShaderCompilers: Display: Shaders left to compile 2
[2019.02.04-16.15.18:524][625]LogShaderCompilers: Display: Shaders left to compile 1
[2019.02.04-16.15.22:266][ 63]MaterialEditorStats: Base pass shader: 103 instructions
[2019.02.04-16.15.22:266][ 63]MaterialEditorStats: Base pass shader with Volumetric Lightmap: 176 instructions
[2019.02.04-16.15.22:266][ 63]MaterialEditorStats: Base pass vertex shader: 36 instructions
[2019.02.04-16.15.22:266][ 63]MaterialEditorStats: Texture samplers: 5/16
[2019.02.04-16.15.22:266][ 63]MaterialEditorStats: Texture Lookups (Est.): VS(0), PS(2)
[2019.02.04-16.15.22:266][ 63]MaterialEditorStats: User interpolators: 2/4 Scalars (1/4 Vectors) (TexCoords: 2, Custom: 0)
[2019.02.04-16.15.47:615][331]LogMaterial: Display: Missing cached shader map for material PreviewMaterial_0, compiling. 
[2019.02.04-16.15.47:629][331]LogMaterial: Display: Missing cached shader map for material PreviewMaterial_0, compiling. 
[2019.02.04-16.15.47:646][332]LogShaderCompilers: Display: Shaders left to compile 21
[2019.02.04-16.15.47:646][332]LogShaderCompilers: Display: Shaders left to compile 20
[2019.02.04-16.15.47:646][332]LogShaderCompilers: Display: Shaders left to compile 19
[2019.02.04-16.15.47:646][332]LogShaderCompilers: Display: Shaders left to compile 18
[2019.02.04-16.15.48:227][378]LogShaderCompilers: Display: Shaders left to compile 17
[2019.02.04-16.15.48:270][381]LogShaderCompilers: Display: Shaders left to compile 16
[2019.02.04-16.15.48:279][382]LogShaderCompilers: Display: Shaders left to compile 15
[2019.02.04-16.15.48:293][383]LogShaderCompilers: Display: Shaders left to compile 14
[2019.02.04-16.15.48:389][390]LogShaderCompilers: Display: Shaders left to compile 13
[2019.02.04-16.15.48:440][394]LogShaderCompilers: Display: Shaders left to compile 12
[2019.02.04-16.15.48:465][396]LogShaderCompilers: Display: Shaders left to compile 11
[2019.02.04-16.15.48:469][396]LogShaderCompilers: Display: Shaders left to compile 10
[2019.02.04-16.15.48:556][403]LogShaderCompilers: Display: Shaders left to compile 9
[2019.02.04-16.15.48:735][415]LogShaderCompilers: Display: Shaders left to compile 8
[2019.02.04-16.15.48:868][425]LogShaderCompilers: Display: Shaders left to compile 7
[2019.02.04-16.15.48:907][428]LogShaderCompilers: Display: Shaders left to compile 6
[2019.02.04-16.15.48:954][431]LogShaderCompilers: Display: Shaders left to compile 5
[2019.02.04-16.15.49:131][444]LogShaderCompilers: Display: Shaders left to compile 4
[2019.02.04-16.15.49:141][445]LogShaderCompilers: Display: Shaders left to compile 3
[2019.02.04-16.15.49:336][459]LogShaderCompilers: Display: Shaders left to compile 2
[2019.02.04-16.15.49:392][463]LogShaderCompilers: Display: Shaders left to compile 1
[2019.02.04-16.15.49:686][486]MaterialEditorStats: Base pass shader: 104 instructions
[2019.02.04-16.15.49:686][486]MaterialEditorStats: Base pass shader with Volumetric Lightmap: 177 instructions
[2019.02.04-16.15.49:686][486]MaterialEditorStats: Base pass vertex shader: 36 instructions
[2019.02.04-16.15.49:686][486]MaterialEditorStats: Texture samplers: 5/16
[2019.02.04-16.15.49:686][486]MaterialEditorStats: Texture Lookups (Est.): VS(0), PS(2)
[2019.02.04-16.15.49:686][486]MaterialEditorStats: User interpolators: 2/4 Scalars (1/4 Vectors) (TexCoords: 2, Custom: 0)
[2019.02.04-16.16.25:295][448]LogMaterial: Display: Missing cached shader map for material PreviewMaterial_0, compiling. 
[2019.02.04-16.16.25:308][448]LogMaterial: Display: Missing cached shader map for material PreviewMaterial_0, compiling. 
[2019.02.04-16.16.25:326][449]LogShaderCompilers: Display: Shaders left to compile 21
[2019.02.04-16.16.25:327][449]LogShaderCompilers: Display: Shaders left to compile 20
[2019.02.04-16.16.25:327][449]LogShaderCompilers: Display: Shaders left to compile 19
[2019.02.04-16.16.25:327][449]LogShaderCompilers: Display: Shaders left to compile 18
[2019.02.04-16.16.26:218][522]LogShaderCompilers: Display: Shaders left to compile 17
[2019.02.04-16.16.26:257][525]LogShaderCompilers: Display: Shaders left to compile 16
[2019.02.04-16.16.26:270][526]LogShaderCompilers: Display: Shaders left to compile 15
[2019.02.04-16.16.26:281][527]LogShaderCompilers: Display: Shaders left to compile 14
[2019.02.04-16.16.26:409][536]LogShaderCompilers: Display: Shaders left to compile 13
[2019.02.04-16.16.26:453][540]LogShaderCompilers: Display: Shaders left to compile 12
[2019.02.04-16.16.26:465][541]LogShaderCompilers: Display: Shaders left to compile 11
[2019.02.04-16.16.26:474][542]LogShaderCompilers: Display: Shaders left to compile 10
[2019.02.04-16.16.26:569][550]LogShaderCompilers: Display: Shaders left to compile 9
[2019.02.04-16.16.26:726][561]LogMaterial: Display: Missing cached shader map for material PreviewMaterial_0, compiling. 
[2019.02.04-16.16.26:737][561]LogShaderCompilers: Display: Shaders left to compile 21
[2019.02.04-16.16.26:849][572]LogShaderCompilers: Display: Shaders left to compile 20
[2019.02.04-16.16.26:909][577]LogShaderCompilers: Display: Shaders left to compile 19
[2019.02.04-16.16.26:977][583]LogShaderCompilers: Display: Shaders left to compile 18
[2019.02.04-16.16.26:992][584]LogShaderCompilers: Display: Shaders left to compile 17
[2019.02.04-16.16.27:064][590]LogShaderCompilers: Display: Shaders left to compile 16
[2019.02.04-16.16.27:141][597]LogShaderCompilers: Display: Shaders left to compile 15
[2019.02.04-16.16.27:155][598]LogShaderCompilers: Display: Shaders left to compile 14
[2019.02.04-16.16.27:178][600]LogShaderCompilers: Display: Shaders left to compile 13
[2019.02.04-16.16.27:235][605]LogShaderCompilers: Display: Shaders left to compile 12
[2019.02.04-16.16.27:309][611]LogShaderCompilers: Display: Shaders left to compile 11
[2019.02.04-16.16.27:322][612]LogShaderCompilers: Display: Shaders left to compile 10
[2019.02.04-16.16.27:356][615]LogShaderCompilers: Display: Shaders left to compile 9
[2019.02.04-16.16.27:596][633]LogShaderCompilers: Display: Shaders left to compile 8
[2019.02.04-16.16.27:663][639]LogShaderCompilers: Display: Shaders left to compile 7
[2019.02.04-16.16.27:771][648]LogShaderCompilers: Display: Shaders left to compile 6
[2019.02.04-16.16.27:784][649]LogShaderCompilers: Display: Shaders left to compile 5
[2019.02.04-16.16.27:913][658]LogShaderCompilers: Display: Shaders left to compile 4
[2019.02.04-16.16.28:029][667]LogShaderCompilers: Display: Shaders left to compile 3
[2019.02.04-16.16.28:183][680]LogShaderCompilers: Display: Shaders left to compile 2
[2019.02.04-16.16.28:211][682]LogShaderCompilers: Display: Shaders left to compile 1
[2019.02.04-16.16.28:529][707]MaterialEditorStats: Base pass shader: 104 instructions
[2019.02.04-16.16.28:529][707]MaterialEditorStats: Base pass shader with Volumetric Lightmap: 177 instructions
[2019.02.04-16.16.28:529][707]MaterialEditorStats: Base pass vertex shader: 36 instructions
[2019.02.04-16.16.28:529][707]MaterialEditorStats: Texture samplers: 5/16
[2019.02.04-16.16.28:529][707]MaterialEditorStats: Texture Lookups (Est.): VS(0), PS(2)
[2019.02.04-16.16.28:529][707]MaterialEditorStats: User interpolators: 2/4 Scalars (1/4 Vectors) (TexCoords: 2, Custom: 0)
[2019.02.04-16.16.29:578][791]LogMaterial: Display: Missing cached shader map for material PreviewMaterial_0, compiling. 
[2019.02.04-16.16.29:591][791]LogMaterial: Display: Missing cached shader map for material PreviewMaterial_0, compiling. 
[2019.02.04-16.16.29:609][792]LogShaderCompilers: Display: Shaders left to compile 21
[2019.02.04-16.16.29:609][792]LogShaderCompilers: Display: Shaders left to compile 20
[2019.02.04-16.16.29:609][792]LogShaderCompilers: Display: Shaders left to compile 19
[2019.02.04-16.16.29:609][792]LogShaderCompilers: Display: Shaders left to compile 18
[2019.02.04-16.16.30:082][830]LogShaderCompilers: Display: Shaders left to compile 17
[2019.02.04-16.16.30:121][833]LogShaderCompilers: Display: Shaders left to compile 16
[2019.02.04-16.16.30:123][833]LogShaderCompilers: Display: Shaders left to compile 15
[2019.02.04-16.16.30:133][834]LogShaderCompilers: Display: Shaders left to compile 14
[2019.02.04-16.16.30:258][843]LogShaderCompilers: Display: Shaders left to compile 13
[2019.02.04-16.16.30:282][845]LogShaderCompilers: Display: Shaders left to compile 12
[2019.02.04-16.16.30:294][846]LogShaderCompilers: Display: Shaders left to compile 11
[2019.02.04-16.16.30:311][847]LogShaderCompilers: Display: Shaders left to compile 10
[2019.02.04-16.16.30:441][857]LogShaderCompilers: Display: Shaders left to compile 9
[2019.02.04-16.16.30:570][866]LogShaderCompilers: Display: Shaders left to compile 8
[2019.02.04-16.16.30:703][876]LogShaderCompilers: Display: Shaders left to compile 7
[2019.02.04-16.16.30:731][878]LogShaderCompilers: Display: Shaders left to compile 6
[2019.02.04-16.16.30:835][886]LogShaderCompilers: Display: Shaders left to compile 5
[2019.02.04-16.16.30:993][897]LogShaderCompilers: Display: Shaders left to compile 4
[2019.02.04-16.16.31:006][898]LogShaderCompilers: Display: Shaders left to compile 3
[2019.02.04-16.16.31:172][910]LogShaderCompilers: Display: Shaders left to compile 2
[2019.02.04-16.16.31:254][916]LogShaderCompilers: Display: Shaders left to compile 1
[2019.02.04-16.16.31:553][939]MaterialEditorStats: Base pass shader: 104 instructions
[2019.02.04-16.16.31:553][939]MaterialEditorStats: Base pass shader with Volumetric Lightmap: 177 instructions
[2019.02.04-16.16.31:553][939]MaterialEditorStats: Base pass vertex shader: 36 instructions
[2019.02.04-16.16.31:553][939]MaterialEditorStats: Texture samplers: 5/16
[2019.02.04-16.16.31:553][939]MaterialEditorStats: Texture Lookups (Est.): VS(0), PS(2)
[2019.02.04-16.16.31:553][939]MaterialEditorStats: User interpolators: 2/4 Scalars (1/4 Vectors) (TexCoords: 2, Custom: 0)
[2019.02.04-16.18.05:341][704]LogMaterial: Display: Missing cached shader map for material PreviewMaterial_0, compiling. 
[2019.02.04-16.18.05:361][704]LogShaderCompilers: Display: Shaders left to compile 21
[2019.02.04-16.18.05:361][704]LogShaderCompilers: Display: Shaders left to compile 20
[2019.02.04-16.18.05:361][704]LogShaderCompilers: Display: Shaders left to compile 19
[2019.02.04-16.18.05:361][704]LogShaderCompilers: Display: Shaders left to compile 18
[2019.02.04-16.18.06:287][810]LogShaderCompilers: Display: Shaders left to compile 17
[2019.02.04-16.18.06:332][814]LogShaderCompilers: Display: Shaders left to compile 16
[2019.02.04-16.18.06:345][816]LogShaderCompilers: Display: Shaders left to compile 15
[2019.02.04-16.18.06:345][816]LogShaderCompilers: Display: Shaders left to compile 14
[2019.02.04-16.18.06:466][829]LogShaderCompilers: Display: Shaders left to compile 13
[2019.02.04-16.18.06:515][834]LogShaderCompilers: Display: Shaders left to compile 12
[2019.02.04-16.18.06:525][835]LogShaderCompilers: Display: Shaders left to compile 11
[2019.02.04-16.18.06:533][836]LogShaderCompilers: Display: Shaders left to compile 10
[2019.02.04-16.18.06:629][847]LogShaderCompilers: Display: Shaders left to compile 9
[2019.02.04-16.18.06:802][862]LogShaderCompilers: Display: Shaders left to compile 8
[2019.02.04-16.18.06:913][873]LogShaderCompilers: Display: Shaders left to compile 7
[2019.02.04-16.18.06:948][877]LogShaderCompilers: Display: Shaders left to compile 6
[2019.02.04-16.18.07:007][883]LogShaderCompilers: Display: Shaders left to compile 5
[2019.02.04-16.18.07:042][886]LogMaterial: Display: Missing cached shader map for material PreviewMaterial_0, compiling. 
[2019.02.04-16.18.07:062][886]LogMaterial: Display: Missing cached shader map for material FMatExpressionPreview MaterialExpressionTextureSampleParameter2D_1, compiling. 
[2019.02.04-16.18.07:137][890]LogShaderCompilers: Display: Shaders left to compile 23
[2019.02.04-16.18.07:235][896]LogShaderCompilers: Display: Shaders left to compile 22
[2019.02.04-16.18.07:420][910]LogShaderCompilers: Display: Shaders left to compile 21
[2019.02.04-16.18.07:430][911]LogShaderCompilers: Display: Shaders left to compile 20
[2019.02.04-16.18.07:476][915]LogShaderCompilers: Display: Shaders left to compile 19
[2019.02.04-16.18.07:512][917]LogShaderCompilers: Display: Shaders left to compile 18
[2019.02.04-16.18.07:632][926]LogShaderCompilers: Display: Shaders left to compile 17
[2019.02.04-16.18.07:666][929]LogShaderCompilers: Display: Shaders left to compile 16
[2019.02.04-16.18.07:676][930]LogShaderCompilers: Display: Shaders left to compile 15
[2019.02.04-16.18.07:705][933]LogShaderCompilers: Display: Shaders left to compile 14
[2019.02.04-16.18.07:818][942]LogShaderCompilers: Display: Shaders left to compile 13
[2019.02.04-16.18.07:826][943]LogShaderCompilers: Display: Shaders left to compile 12
[2019.02.04-16.18.07:847][945]LogShaderCompilers: Display: Shaders left to compile 11
[2019.02.04-16.18.08:098][964]LogShaderCompilers: Display: Shaders left to compile 10
[2019.02.04-16.18.08:110][965]LogShaderCompilers: Display: Shaders left to compile 9
[2019.02.04-16.18.08:278][979]LogShaderCompilers: Display: Shaders left to compile 8
[2019.02.04-16.18.08:291][980]LogShaderCompilers: Display: Shaders left to compile 7
[2019.02.04-16.18.08:384][988]LogShaderCompilers: Display: Shaders left to compile 6
[2019.02.04-16.18.08:528][999]LogShaderCompilers: Display: Shaders left to compile 5
[2019.02.04-16.18.08:658][ 10]LogShaderCompilers: Display: Shaders left to compile 4
[2019.02.04-16.18.08:722][ 15]LogShaderCompilers: Display: Shaders left to compile 3
[2019.02.04-16.18.08:793][ 21]LogShaderCompilers: Display: Shaders left to compile 2
[2019.02.04-16.18.08:899][ 29]LogShaderCompilers: Display: Shaders left to compile 1
[2019.02.04-16.18.09:092][ 45]MaterialEditorStats: Base pass shader: 104 instructions
[2019.02.04-16.18.09:092][ 45]MaterialEditorStats: Base pass shader with Volumetric Lightmap: 177 instructions
[2019.02.04-16.18.09:092][ 45]MaterialEditorStats: Base pass vertex shader: 36 instructions
[2019.02.04-16.18.09:092][ 45]MaterialEditorStats: Texture samplers: 5/16
[2019.02.04-16.18.09:092][ 45]MaterialEditorStats: Texture Lookups (Est.): VS(0), PS(2)
[2019.02.04-16.18.09:092][ 45]MaterialEditorStats: User interpolators: 2/4 Scalars (1/4 Vectors) (TexCoords: 2, Custom: 0)
[2019.02.04-16.19.01:715][906]LogMaterialEditor: Saving and Compiling material M_BlockMaster_KL
[2019.02.04-16.19.02:188][906]LogMaterial: Display: Missing cached shader map for material PreviewMaterial_0, compiling. 
[2019.02.04-16.19.02:233][906]LogShaderCompilers: Display: Shaders left to compile 21
[2019.02.04-16.19.02:233][906]LogShaderCompilers: Display: Shaders left to compile 20
[2019.02.04-16.19.02:233][906]LogShaderCompilers: Display: Shaders left to compile 19
[2019.02.04-16.19.02:233][906]LogShaderCompilers: Display: Shaders left to compile 18
[2019.02.04-16.19.02:246][906]LogMaterial: Display: Missing cached shader map for material M_BlockMaster_KL, compiling. 
[2019.02.04-16.19.02:261][906]LogMaterial: Display: Missing cached shader map for material M_BlockMaster_KL, compiling. 
[2019.02.04-16.19.02:302][906]LogMaterial: Display: Missing cached shader map for material FDebugViewModeMaterialProxy M_BlockMaster_KL, compiling. 
[2019.02.04-16.19.03:998][906]LogShaderCompilers: Display: Shaders left to compile 40
[2019.02.04-16.19.03:998][906]LogShaderCompilers: Display: Shaders left to compile 39
[2019.02.04-16.19.03:998][906]LogShaderCompilers: Display: Shaders left to compile 38
[2019.02.04-16.19.03:998][906]LogShaderCompilers: Display: Shaders left to compile 37
[2019.02.04-16.19.03:998][906]LogShaderCompilers: Display: Shaders left to compile 36
[2019.02.04-16.19.03:998][906]LogShaderCompilers: Display: Shaders left to compile 35
[2019.02.04-16.19.03:998][906]LogShaderCompilers: Display: Shaders left to compile 34
[2019.02.04-16.19.03:998][906]LogShaderCompilers: Display: Shaders left to compile 33
[2019.02.04-16.19.03:998][906]LogShaderCompilers: Display: Shaders left to compile 32
[2019.02.04-16.19.03:998][906]LogShaderCompilers: Display: Shaders left to compile 31
[2019.02.04-16.19.03:998][906]LogShaderCompilers: Display: Shaders left to compile 30
[2019.02.04-16.19.03:998][906]LogShaderCompilers: Display: Shaders left to compile 29
[2019.02.04-16.19.03:998][906]LogShaderCompilers: Display: Shaders left to compile 28
[2019.02.04-16.19.03:998][906]LogShaderCompilers: Display: Shaders left to compile 27
[2019.02.04-16.19.03:998][906]LogShaderCompilers: Display: Shaders left to compile 26
[2019.02.04-16.19.03:998][906]LogShaderCompilers: Display: Shaders left to compile 25
[2019.02.04-16.19.03:998][906]LogShaderCompilers: Display: Shaders left to compile 24
[2019.02.04-16.19.03:998][906]LogShaderCompilers: Display: Shaders left to compile 23
[2019.02.04-16.19.03:998][906]LogShaderCompilers: Display: Shaders left to compile 22
[2019.02.04-16.19.03:998][906]LogShaderCompilers: Display: Shaders left to compile 12
[2019.02.04-16.19.03:998][906]LogShaderCompilers: Display: Shaders left to compile 2
[2019.02.04-16.19.04:001][906]TextureStreamingBuild: Display: Compiling optional shaders took 1.706 seconds.
[2019.02.04-16.19.06:331][906]LogSavePackage: Moving '../../../../../../Users/u0895866/Documents/GitHub/KL_AssetPipeline/woodblocktext_KL/Saved/M_BlockMaster_KL8E6B6ED34877A7154650ADB460BBDB0A.tmp' to '../../../../../../Users/u0895866/Documents/GitHub/KL_AssetPipeline/woodblocktext_KL/Content/Materials/M_BlockMaster_KL.uasset'
[2019.02.04-16.19.21:411][270]LogMaterialEditor: Saving and Compiling material M_BlockMaster_KL
[2019.02.04-16.19.21:443][270]LogSavePackage: Moving '../../../../../../Users/u0895866/Documents/GitHub/KL_AssetPipeline/woodblocktext_KL/Saved/M_BlockMaster_KL4EE66546432B7E631DB3DEA340A6CB48.tmp' to '../../../../../../Users/u0895866/Documents/GitHub/KL_AssetPipeline/woodblocktext_KL/Content/Materials/M_BlockMaster_KL.uasset'
[2019.02.04-16.19.53:489][217]LogSlate: Window 'M_BlockMaster_KL' being destroyed
[2019.02.04-16.19.53:493][217]LogSlate: Window 'M_BlockMaster_KL' being destroyed
